[2026-03-11T00:17:09.702157Z] run start mode=difference_upgrade resume=True sign_mode=fade
[2026-03-11T00:17:09.834635Z] pair skipped pair_id=MESSIER 083::hst_9299_08_acs_wfc_f475w-pol0v_j8e808::hst_17747_25_acs_wfc_f475w_jfgf25 reason=RESTRICTED_DATA_RIGHTS:hst_17747_25_acs_wfc_f475w_jfgf25:EXCLUSIVE_ACCESS
[2026-03-11T00:17:09.864125Z] pair skipped pair_id=MESSIER 083::hst_9774_0h_acs_wfc_f814w_j8ph0h::hst_17747_26_acs_wfc_f814w_jfgf26 reason=RESTRICTED_DATA_RIGHTS:hst_17747_26_acs_wfc_f814w_jfgf26:EXCLUSIVE_ACCESS
[2026-03-11T00:17:09.891828Z] pair skipped pair_id=NGC 1309::hst_10497_03_acs_wfc_f555w_j9cb03::hst_17907_03_acs_wfc_f555w_jfjg03 reason=RESTRICTED_DATA_RIGHTS:hst_17907_03_acs_wfc_f555w_jfjg03:EXCLUSIVE_ACCESS
[2026-03-11T00:17:09.923232Z] pair skipped pair_id=NGC 1309::hst_10497_03_acs_wfc_f555w_j9cb03::hst_17907_04_acs_wfc_f555w_jfjg04 reason=RESTRICTED_DATA_RIGHTS:hst_17907_04_acs_wfc_f555w_jfjg04:EXCLUSIVE_ACCESS
[2026-03-11T00:17:11.664041Z] pair skipped pair_id=NGC 1097::hst_9788_03_acs_wfc_f814w_j8mx03::hst_15654_58_acs_wfc_f814w_jdxr58 reason=TARGET_CENTER_OUTSIDE_FOOTPRINT
[2026-03-11T00:17:11.695945Z] pair skipped pair_id=NGC 4388::hst_12185_07_wfc3_uvis_f438w_ibig07::hst_17777_01_wfc3_uvis_f438w_ifd601 reason=RESTRICTED_DATA_RIGHTS:hst_17777_01_wfc3_uvis_f438w_ifd601:EXCLUSIVE_ACCESS
[2026-03-11T00:17:13.458049Z] pair skipped pair_id=MESSIER 101::hst_9490_02_acs_wfc_f555w_j8d602::hst_14678_01_acs_wfc_f555w_jd6v01 reason=TARGET_CENTER_OUTSIDE_FOOTPRINT
[2026-03-11T00:17:14.012252Z] pair skipped pair_id=MESSIER 101::hst_9490_a1_acs_wfc_f555w_j8d6a1::hst_14678_01_acs_wfc_f555w_jd6v01 reason=TARGET_CENTER_OUTSIDE_FOOTPRINT
[2026-03-11T00:17:16.383256Z] pair skipped pair_id=NGC 7172::hst_skycell-p0708x19y03_acs_wfc_f814w_all::hst_15444_dx_acs_wfc_f814w_jdrwdx reason=TARGET_CENTER_OUTSIDE_FOOTPRINT
[2026-03-11T00:17:17.446348Z] pair skipped pair_id=MESSIER 074::hst_9733_01_acs_wfc_f606w_j8nv01::hst_13804_01_acs_wfc_f606w_jcmx01 reason=TARGET_CENTER_OUTSIDE_FOOTPRINT
[2026-03-11T00:17:18.758758Z] pair skipped pair_id=MESSIER 074::hst_13364_20_wfc3_uvis_f336w_icdm20::hst_17932_09_wfc3_uvis_f336w_ifkj09 reason=TARGET_CENTER_OUTSIDE_FOOTPRINT
[2026-03-11T00:17:19.863775Z] pair skipped pair_id=MESSIER 100::hst_11646_01_wfc3_uvis_f555w_ib2q01::hst_16500_01_wfc3_uvis_f555w_iejn01 reason=TARGET_CENTER_OUTSIDE_FOOTPRINT
[2026-03-11T00:17:21.599948Z] pair skipped pair_id=NGC 1097::hst_13413_01_wfc3_uvis_f657n_icc501::hst_17457_04_wfc3_uvis_f657n_if8k04 reason=TARGET_CENTER_OUTSIDE_FOOTPRINT
[2026-03-11T00:17:23.423249Z] pair skipped pair_id=NGC 4414::hst_12888_01_wfc3_uvis_f555w_ibzv01::hst_17413_31_wfc3_uvis_f555w_if8731 reason=TARGET_CENTER_OUTSIDE_FOOTPRINT
[2026-03-11T00:17:24.217622Z] pair skipped pair_id=MESSIER 100::hst_11646_01_wfc3_uvis_f555w_ib2q01::hst_16075_01_wfc3_uvis_f555w_ie9801 reason=TARGET_CENTER_OUTSIDE_FOOTPRINT
[2026-03-11T00:17:24.769091Z] pair skipped pair_id=NGC 4414::hst_12888_01_wfc3_uvis_f555w_ibzv01::hst_17413_30_wfc3_uvis_f555w_if8730 reason=TARGET_CENTER_OUTSIDE_FOOTPRINT
[2026-03-11T00:17:26.330813Z] pair skipped pair_id=MESSIER 099::hst_12118_04_wfc3_uvis_f814w_ibfx04::hst_15654_24_wfc3_uvis_f814w_idxr24 reason=TARGET_CENTER_OUTSIDE_FOOTPRINT
[2026-03-11T00:17:27.851022Z] pair skipped pair_id=NGC 4536::hst_11570_24_wfc3_uvis_f555w_ib1f24::hst_15654_29_wfc3_uvis_f555w_idxr29 reason=TARGET_CENTER_OUTSIDE_FOOTPRINT
[2026-03-11T00:17:28.475933Z] pair skipped pair_id=NGC 1448::hst_12880_16_wfc3_ir_f160w_ic1316::hst_17000_06_wfc3_ir_f160w_iev206 reason=TARGET_CENTER_OUTSIDE_FOOTPRINT
[2026-03-11T00:17:28.790579Z] pair skipped pair_id=NGC 1448::hst_12880_20_wfc3_ir_f160w_ic1320::hst_17000_06_wfc3_ir_f160w_iev206 reason=TARGET_CENTER_OUTSIDE_FOOTPRINT
[2026-03-11T00:17:30.369664Z] pair skipped pair_id=NGC 4039::hst_11577_91_acs_wfc_f814w_jb5u91::hst_15645_19_acs_wfc_f814w_jdxk19 reason=TARGET_CENTER_OUTSIDE_FOOTPRINT
[2026-03-11T00:17:31.265115Z] pair skipped pair_id=NGC 4039::hst_11577_20_acs_wfc_f814w_jb5u20::hst_15645_19_acs_wfc_f814w_jdxk19 reason=TARGET_CENTER_OUTSIDE_FOOTPRINT
[2026-03-11T00:17:34.355000Z] pair skipped pair_id=MESSIER 061::hst_skycell-p1458x13y04_acs_wfc_f814w_all::hst_12574_01_acs_wfc_f814w_jbs801 reason=TARGET_CENTER_OUTSIDE_FOOTPRINT
[2026-03-11T00:17:36.006318Z] pair skipped pair_id=IC 2163::hst_13029_10_wfc3_uvis_f814w_ibyb10::hst_16239_28_wfc3_uvis_f814w_ieec28 reason=TARGET_CENTER_OUTSIDE_FOOTPRINT
[2026-03-11T00:17:36.026159Z] pair skipped pair_id=NGC 2207::hst_13029_10_wfc3_uvis_f814w_ibyb10::hst_16239_28_wfc3_uvis_f814w_ieec28 reason=TARGET_CENTER_OUTSIDE_FOOTPRINT
[2026-03-11T00:17:37.306007Z] pair skipped pair_id=NGC 7479::hst_11575_53_acs_wfc_f814w_jb4u53::hst_15645_09_acs_wfc_f814w_jdxk09 reason=TARGET_CENTER_OUTSIDE_FOOTPRINT
[2026-03-11T00:17:39.133279Z] pair skipped pair_id=NGC 3147::hst_15145_32_wfc3_uvis_f555w_idgg32::hst_17846_03_wfc3_uvis_f555w_ifgg03 reason=TARGET_CENTER_OUTSIDE_FOOTPRINT
[2026-03-11T00:17:40.385425Z] pair skipped pair_id=NGC 7331::hst_14668_04_wfc3_uvis_f555w_id9604::hst_17506_25_wfc3_uvis_f555w_if8c25 reason=TARGET_CENTER_OUTSIDE_FOOTPRINT
[2026-03-11T00:17:41.197679Z] pair skipped pair_id=NGC 3147::hst_15145_3a_wfc3_uvis_f555w_idgg3a::hst_17846_03_wfc3_uvis_f555w_ifgg03 reason=TARGET_CENTER_OUTSIDE_FOOTPRINT
[2026-03-11T00:17:42.876659Z] pair skipped pair_id=IC 2163::hst_13787_05_wfc3_uvis_f555w_ickj05::hst_skycell-p0818x12y14_wfc3_uvis_f555w_all reason=TARGET_CENTER_OUTSIDE_FOOTPRINT
[2026-03-11T00:17:43.953292Z] pair skipped pair_id=NGC 2207::hst_13787_05_wfc3_uvis_f555w_ickj05::hst_16239_28_wfc3_uvis_f555w_ieec28 reason=TARGET_CENTER_OUTSIDE_FOOTPRINT
[2026-03-11T00:17:45.747930Z] pair skipped pair_id=MESSIER 066::hst_12968_01_wfc3_uvis_f438w_ic0h01::hst_15654_22_wfc3_uvis_f438w_idxr22 reason=TARGET_CENTER_OUTSIDE_FOOTPRINT
[2026-03-11T00:17:47.285453Z] pair skipped pair_id=MESSIER 066::hst_12968_01_wfc3_uvis_f814w_ic0h01::hst_15654_22_wfc3_uvis_f814w_idxr22 reason=TARGET_CENTER_OUTSIDE_FOOTPRINT
[2026-03-11T00:17:51.502111Z] pair skipped pair_id=NGC 1365::hst_12880_90_wfc3_uvis_f555w_ic1390::hst_15654_09_wfc3_uvis_f555w_idxr09 reason=TARGET_CENTER_OUTSIDE_FOOTPRINT
[2026-03-11T00:17:52.377450Z] pair skipped pair_id=6dF J0245599-073443::hst_11575_02_acs_wfc_f814w_jb4u02::hst_14226_01_acs_wfc_f814w_jcuc01 reason=TARGET_CENTER_OUTSIDE_FOOTPRINT
[2026-03-11T00:17:53.615186Z] pair skipped pair_id=MESSIER 077::hst_15151_04_wfc3_uvis_f555w_idm104::hst_17502_01_wfc3_uvis_f555w_ifab01 reason=TARGET_CENTER_OUTSIDE_FOOTPRINT
[2026-03-11T00:17:55.472204Z] pair skipped pair_id=MESSIER 077::hst_15151_04_wfc3_uvis_f814w_idm104::hst_17502_01_wfc3_uvis_f814w_ifab01 reason=TARGET_CENTER_OUTSIDE_FOOTPRINT
[2026-03-11T00:17:57.458097Z] pair skipped pair_id=NGC 6744::hst_13364_0e_wfc3_uvis_f336w_icdm0e::hst_15654_41_wfc3_uvis_f336w_idxr41 reason=TARGET_CENTER_OUTSIDE_FOOTPRINT
[2026-03-11T00:17:59.774815Z] pair skipped pair_id=NGC 6744::hst_13364_0e_wfc3_uvis_f438w_icdm0e::hst_15654_41_wfc3_uvis_f438w_idxr41 reason=TARGET_CENTER_OUTSIDE_FOOTPRINT
[2026-03-11T00:18:02.155886Z] pair skipped pair_id=NGC 1365::hst_skycell-p0570x07y02_acs_wfc_f814w_all::hst_15645_41_acs_wfc_f814w_jdxk41 reason=TARGET_CENTER_OUTSIDE_FOOTPRINT
[2026-03-11T00:18:03.143350Z] pair skipped pair_id=NGC 5861::hst_15145_74_wfc3_ir_f160w_idgg74::hst_16250_14_wfc3_ir_f160w_iebs14 reason=TARGET_CENTER_OUTSIDE_FOOTPRINT
[2026-03-11T00:18:03.461793Z] pair skipped pair_id=NGC 5861::hst_15145_78_wfc3_ir_f160w_idgg78::hst_16250_14_wfc3_ir_f160w_iebs14 reason=TARGET_CENTER_OUTSIDE_FOOTPRINT
[2026-03-11T00:18:06.370781Z] pair skipped pair_id=NGC 4536::hst_13691_23_acs_wfc_f814w_jcnw23::hst_15654_30_acs_wfc_f814w_jdxr30 reason=TARGET_CENTER_OUTSIDE_FOOTPRINT
[2026-03-11T00:18:08.274539Z] pair skipped pair_id=NGC 7331::hst_15166_03_wfc3_uvis_f336w_idi103::hst_16179_32_wfc3_uvis_f336w_ieb332 reason=TARGET_CENTER_OUTSIDE_FOOTPRINT
[2026-03-11T00:18:11.835052Z] pair skipped pair_id=MESSIER 061::hst_14779_70_wfc3_uvis_f275w_id7670::hst_15654_26_wfc3_uvis_f275w_idxr26 reason=TARGET_CENTER_OUTSIDE_FOOTPRINT
[2026-03-11T00:18:20.435894Z] pair skipped pair_id=NGC 4388::hst_skycell-p1636x18y05_acs_wfc_f814w_all::hst_10438_04_acs_wfc_f814w_j96l04 reason=TARGET_CENTER_OUTSIDE_FOOTPRINT
[2026-03-11T00:18:20.967719Z] pair skipped pair_id=NGC 1964::hst_16234_75_wfc3_ir_g141_ieel75ch::hst_17000_05_wfc3_ir_g141_iev205fl reason=TARGET_CENTER_OUTSIDE_FOOTPRINT
[2026-03-11T00:18:21.241717Z] pair skipped pair_id=NGC 1964::hst_16234_76_wfc3_ir_g141_ieel76gt::hst_17000_05_wfc3_ir_g141_iev205fl reason=TARGET_CENTER_OUTSIDE_FOOTPRINT
[2026-03-11T00:18:22.354061Z] pair skipped pair_id=NGC 5427::hst_17191_13_wfc3_uvis_f555w_iex613::hst_17413_41_wfc3_uvis_f555w_if8741 reason=TARGET_CENTER_OUTSIDE_FOOTPRINT
[2026-03-11T00:18:23.971260Z] pair skipped pair_id=NGC 5012::hst_16239_06_wfc3_uvis_f814w_ieec06::hst_16683_53_wfc3_uvis_f814w_ien653 reason=TARGET_CENTER_OUTSIDE_FOOTPRINT
[2026-03-11T00:18:24.954809Z] pair skipped pair_id=NGC 5012::hst_16239_06_wfc3_uvis_f814w_ieec06::hst_16683_03_wfc3_uvis_f814w_ien603 reason=TARGET_CENTER_OUTSIDE_FOOTPRINT
[2026-03-11T00:18:25.785569Z] pair skipped pair_id=NGC 3256::hst_9300_01_acs_hrc_f330w_j8ec01::hst_9735_20_acs_hrc_f330w_j8st20 reason=TARGET_CENTER_OUTSIDE_FOOTPRINT
[2026-03-11T00:18:25.803796Z] pair skipped pair_id=NGC 4102::hst_17580_01_wfc3_uvis_f502n_if7601::hst_17580_05_wfc3_uvis_f502n_if7605 reason=RESTRICTED_DATA_RIGHTS:hst_17580_05_wfc3_uvis_f502n_if7605:EXCLUSIVE_ACCESS
[2026-03-11T00:18:27.923629Z] pair skipped pair_id=NGC 3521::hst_17502_18_wfc3_uvis_f336w_ifab18::hst_skycell-p1363x01y02_wfc3_uvis_f336w_all reason=TARGET_CENTER_OUTSIDE_FOOTPRINT
[2026-03-11T00:18:32.293379Z] pair skipped pair_id=NGC 3521::hst_17502_18_wfc3_uvis_f275w_ifab18::hst_skycell-p1363x01y02_wfc3_uvis_f275w_all reason=TARGET_CENTER_OUTSIDE_FOOTPRINT
[2026-03-11T00:18:32.677164Z] pair skipped pair_id=NGC 5427::hst_17413_39_wfc3_uvis_f555w_if8739::hst_17413_41_wfc3_uvis_f555w_if8741 reason=TARGET_CENTER_OUTSIDE_FOOTPRINT
[2026-03-11T00:18:34.434674Z] pair skipped pair_id=NGC 4535::hst_17126_20_wfc3_uvis_f657n_if0420::hst_17457_20_wfc3_uvis_f657n_if8k20 reason=TARGET_CENTER_OUTSIDE_FOOTPRINT
[2026-03-11T00:18:36.359010Z] pair skipped pair_id=MESSIER 063::hst_10402_18_acs_wfc_f435w_j96r18::hst_10579_09_acs_wfc_f435w_j9h809 reason=TARGET_CENTER_OUTSIDE_FOOTPRINT
[2026-03-11T00:18:39.494052Z] pair skipped pair_id=NGC 6907::hst_16287_cs_wfc3_uvis_f275w_iebjcs::hst_16287_35_wfc3_uvis_f275w_iebj35 reason=TARGET_CENTER_OUTSIDE_FOOTPRINT
[2026-03-11T00:18:40.463466Z] pair skipped pair_id=NGC 5728::hst_15640_21_wfc3_ir_f160w_idxb21::hst_15640_2b_wfc3_ir_f160w_idxb2b reason=TARGET_CENTER_OUTSIDE_FOOTPRINT
[2026-03-11T00:18:40.686491Z] run completed scanned=0 failed=0 detections=0
